<?xml version="1.0" encoding="UTF-8"?>
<!-- Generated by org.testng.reporters.JUnitReportReporter -->
<testsuite hostname="LAPTOP-ESU7QKES" failures="0" tests="3" name="com.wipro.testcase.TestNG_Test" time="0.010" errors="0" timestamp="04 Aug 2021 09:03:02 GMT" skipped="0">
  <testcase classname="com.wipro.testcase.TestNG_Test" name="m2" time="0.007"/>
  <testcase classname="com.wipro.testcase.TestNG_Test" name="m3" time="0.002"/>
  <testcase classname="com.wipro.testcase.TestNG_Test" name="m1" time="0.001"/>
</testsuite> <!-- com.wipro.testcase.TestNG_Test -->
