<?xml version="1.0" encoding="UTF-8"?>
<!-- Generated by org.testng.reporters.JUnitReportReporter -->
<testsuite hostname="LAPTOP-ESU7QKES" failures="0" tests="1" name="com.wipro.utilities.Takes_screenshot" time="0.026" errors="0" timestamp="06 Aug 2021 07:28:12 GMT" skipped="0">
  <testcase classname="com.wipro.utilities.Takes_screenshot" name="runfile" time="0.026"/>
</testsuite> <!-- com.wipro.utilities.Takes_screenshot -->
